<?xml version="1.0" encoding="UTF-8"?>
<!-- Generated by org.testng.reporters.JUnitReportReporter -->
<testsuite hostname="Pratha" failures="0" tests="1" name="jenkindemo.LearnJenkinTest" time="2.449" errors="0" timestamp="2025-04-06T11:21:10 IST" skipped="0">
  <testcase classname="jenkindemo.LearnJenkinTest" name="launch" time="2.449"/>
  <system-out>
    <![CDATA[Emplty browser Luanch]]>
  </system-out>
</testsuite> <!-- jenkindemo.LearnJenkinTest -->
